<?xml version="1.0" encoding="UTF-8"?>
<!-- Generated by org.testng.reporters.JUnitXMLReporter -->
<testsuite ignored="0" hostname="DESKTOP-3RQMDTA" failures="1" tests="1" name="Test" time="0.062" errors="0" timestamp="2023-07-01T12:21:30 IST">
  <testcase classname="Test_Runner.Runner_class" name="loginpage" time="0.0">
    <failure type="org.testng.TestNGException" message="
Method public void Test_Runner.Runner_class.loginpage(java.lang.String,java.lang.String) throws java.lang.InterruptedException requires a @DataProvider named : testdata">
      <![CDATA[org.testng.TestNGException: 
Method public void Test_Runner.Runner_class.loginpage(java.lang.String,java.lang.String) throws java.lang.InterruptedException requires a @DataProvider named : testdata
at java.base/java.util.ArrayList.forEach(ArrayList.java:1511)
... Removed 24 stack frames]]>
    </failure>
  </testcase> <!-- loginpage -->
</testsuite> <!-- Test -->
